<?xml version="1.0" encoding="UTF-8"?>
<!-- Generated by org.testng.reporters.JUnitReportReporter -->
<testsuite skipped="0" hostname="Adels-MacBook-Pro.local" name="tests.RegisterAnAccount" tests="6" failures="0" timestamp="11 Jul 2021 15:21:10 GMT" time="39.652" errors="0">
  <testcase name="RegisterAnAccountSuccessfully" time="10.598" classname="tests.RegisterAnAccount"/>
  <testcase name="AddItemFromSearch" time="4.944" classname="tests.RegisterAnAccount"/>
  <testcase name="AddItemFromWomenCategory" time="5.640" classname="tests.RegisterAnAccount"/>
  <testcase name="verifyItemIsDeleted" time="5.076" classname="tests.RegisterAnAccount"/>
  <testcase name="AddItemFromTshirts" time="6.009" classname="tests.RegisterAnAccount"/>
  <testcase name="verifyUserCanCheckout" time="7.385" classname="tests.RegisterAnAccount"/>
</testsuite> <!-- tests.RegisterAnAccount -->
